<?xml version="1.0" encoding="UTF-8" ?>
<testsuite tests="9" failures="0" name="com.pc.mybatis.test.mybatisTest" time="2.612" errors="1" skipped="0">
  <properties>
[...]
</properties>
  <testcase classname="com.pc.mybatis.test.mybatisTest" name="testFindAll" time="1.122"/>
  <testcase classname="com.pc.mybatis.test.mybatisTest" name="testSave" time="0.187">
    <error message="
### Error updating database.  Cause: org.apache.ibatis.reflection.ReflectionException: There is no getter for property named &apos;birthday&apos; in &apos;class com.pc.mybatis.domain.User&apos;
### The error may involve com.pc.mybatis.dao.IUserDao.saveUser-Inline
### The error occurred while setting parameters
### SQL: insert into user(username,birthday,sex,address) values(?,?,?,?)
### Cause: org.apache.ibatis.reflection.ReflectionException: There is no getter for property named &apos;birthday&apos; in &apos;class com.pc.mybatis.domain.User&apos;" type="org.apache.ibatis.exceptions.PersistenceException">org.apache.ibatis.exceptions.PersistenceException: 
### Error updating database.  Cause: org.apache.ibatis.reflection.ReflectionException: There is no getter for property named &apos;birthday&apos; in &apos;class com.pc.mybatis.domain.User&apos;
### The error may involve com.pc.mybatis.dao.IUserDao.saveUser-Inline
### The error occurred while setting parameters
### SQL: insert into user(username,birthday,sex,address) values(?,?,?,?)
### Cause: org.apache.ibatis.reflection.ReflectionException: There is no getter for property named &apos;birthday&apos; in &apos;class com.pc.mybatis.domain.User&apos;
	at org.apache.ibatis.exceptions.ExceptionFactory.wrapException(ExceptionFactory.java:30)
	at org.apache.ibatis.session.defaults.DefaultSqlSession.update(DefaultSqlSession.java:200)
	at org.apache.ibatis.session.defaults.DefaultSqlSession.insert(DefaultSqlSession.java:185)
	at org.apache.ibatis.binding.MapperMethod.execute(MapperMethod.java:58)
	at org.apache.ibatis.binding.MapperProxy.invoke(MapperProxy.java:59)
	at com.sun.proxy.$Proxy9.saveUser(Unknown Source)
	at com.pc.mybatis.test.mybatisTest.testSave(mybatisTest.java:71)
	at sun.reflect.NativeMethodAccessorImpl.invoke0(Native Method)
	at sun.reflect.NativeMethodAccessorImpl.invoke(NativeMethodAccessorImpl.java:62)
	at sun.reflect.DelegatingMethodAccessorImpl.invoke(DelegatingMethodAccessorImpl.java:43)
	at java.lang.reflect.Method.invoke(Method.java:498)
	at org.junit.runners.model.FrameworkMethod$1.runReflectiveCall(FrameworkMethod.java:50)
	at org.junit.internal.runners.model.ReflectiveCallable.run(ReflectiveCallable.java:12)
	at org.junit.runners.model.FrameworkMethod.invokeExplosively(FrameworkMethod.java:47)
	at org.junit.internal.runners.statements.InvokeMethod.evaluate(InvokeMethod.java:17)
	at org.junit.internal.runners.statements.RunBefores.evaluate(RunBefores.java:26)
	at org.junit.internal.runners.statements.RunAfters.evaluate(RunAfters.java:27)
	at org.junit.runners.ParentRunner.runLeaf(ParentRunner.java:325)
	at org.junit.runners.BlockJUnit4ClassRunner.runChild(BlockJUnit4ClassRunner.java:78)
	at org.junit.runners.BlockJUnit4ClassRunner.runChild(BlockJUnit4ClassRunner.java:57)
	at org.junit.runners.ParentRunner$3.run(ParentRunner.java:290)
	at org.junit.runners.ParentRunner$1.schedule(ParentRunner.java:71)
	at org.junit.runners.ParentRunner.runChildren(ParentRunner.java:288)
	at org.junit.runners.ParentRunner.access$000(ParentRunner.java:58)
	at org.junit.runners.ParentRunner$2.evaluate(ParentRunner.java:268)
	at org.junit.runners.ParentRunner.run(ParentRunner.java:363)
	at org.apache.maven.surefire.junit4.JUnit4Provider.execute(JUnit4Provider.java:252)
	at org.apache.maven.surefire.junit4.JUnit4Provider.executeTestSet(JUnit4Provider.java:141)
	at org.apache.maven.surefire.junit4.JUnit4Provider.invoke(JUnit4Provider.java:112)
	at sun.reflect.NativeMethodAccessorImpl.invoke0(Native Method)
	at sun.reflect.NativeMethodAccessorImpl.invoke(NativeMethodAccessorImpl.java:62)
	at sun.reflect.DelegatingMethodAccessorImpl.invoke(DelegatingMethodAccessorImpl.java:43)
	at java.lang.reflect.Method.invoke(Method.java:498)
	at org.apache.maven.surefire.util.ReflectionUtils.invokeMethodWithArray(ReflectionUtils.java:189)
	at org.apache.maven.surefire.booter.ProviderFactory$ProviderProxy.invoke(ProviderFactory.java:165)
	at org.apache.maven.surefire.booter.ProviderFactory.invokeProvider(ProviderFactory.java:85)
	at org.apache.maven.surefire.booter.ForkedBooter.runSuitesInProcess(ForkedBooter.java:115)
	at org.apache.maven.surefire.booter.ForkedBooter.main(ForkedBooter.java:75)
Caused by: org.apache.ibatis.reflection.ReflectionException: There is no getter for property named &apos;birthday&apos; in &apos;class com.pc.mybatis.domain.User&apos;
	at org.apache.ibatis.reflection.Reflector.getGetInvoker(Reflector.java:419)
	at org.apache.ibatis.reflection.MetaClass.getGetInvoker(MetaClass.java:164)
	at org.apache.ibatis.reflection.wrapper.BeanWrapper.getBeanProperty(BeanWrapper.java:162)
	at org.apache.ibatis.reflection.wrapper.BeanWrapper.get(BeanWrapper.java:49)
	at org.apache.ibatis.reflection.MetaObject.getValue(MetaObject.java:122)
	at org.apache.ibatis.scripting.defaults.DefaultParameterHandler.setParameters(DefaultParameterHandler.java:79)
	at org.apache.ibatis.executor.statement.PreparedStatementHandler.parameterize(PreparedStatementHandler.java:93)
	at org.apache.ibatis.executor.statement.RoutingStatementHandler.parameterize(RoutingStatementHandler.java:64)
	at org.apache.ibatis.executor.SimpleExecutor.prepareStatement(SimpleExecutor.java:86)
	at org.apache.ibatis.executor.SimpleExecutor.doUpdate(SimpleExecutor.java:49)
	at org.apache.ibatis.executor.BaseExecutor.update(BaseExecutor.java:117)
	at org.apache.ibatis.executor.CachingExecutor.update(CachingExecutor.java:76)
	at org.apache.ibatis.session.defaults.DefaultSqlSession.update(DefaultSqlSession.java:198)
	... 36 more
</error>
    <system-out>14:53:03.690 [main] DEBUG org.apache.ibatis.io.DefaultVFS - Find JAR URL: file:/Users/pcmike/Downloads/mockito/target/classes/com/pc/mybatis/domain
14:53:03.690 [main] DEBUG org.apache.ibatis.io.DefaultVFS - Not a JAR: file:/Users/pcmike/Downloads/mockito/target/classes/com/pc/mybatis/domain
14:53:03.690 [main] DEBUG org.apache.ibatis.io.DefaultVFS - Reader entry: QueryVo.class
14:53:03.690 [main] DEBUG org.apache.ibatis.io.DefaultVFS - Reader entry: User.class
14:53:03.691 [main] DEBUG org.apache.ibatis.io.DefaultVFS - Listing file:/Users/pcmike/Downloads/mockito/target/classes/com/pc/mybatis/domain
14:53:03.691 [main] DEBUG org.apache.ibatis.io.DefaultVFS - Find JAR URL: file:/Users/pcmike/Downloads/mockito/target/classes/com/pc/mybatis/domain/QueryVo.class
14:53:03.691 [main] DEBUG org.apache.ibatis.io.DefaultVFS - Not a JAR: file:/Users/pcmike/Downloads/mockito/target/classes/com/pc/mybatis/domain/QueryVo.class
14:53:03.691 [main] DEBUG org.apache.ibatis.io.DefaultVFS - Reader entry: ����&amp;#0;&amp;#0;&amp;#0;4&amp;#0;&amp;#24;
14:53:03.691 [main] DEBUG org.apache.ibatis.io.DefaultVFS - Find JAR URL: file:/Users/pcmike/Downloads/mockito/target/classes/com/pc/mybatis/domain/User.class
14:53:03.691 [main] DEBUG org.apache.ibatis.io.DefaultVFS - Not a JAR: file:/Users/pcmike/Downloads/mockito/target/classes/com/pc/mybatis/domain/User.class
14:53:03.692 [main] DEBUG org.apache.ibatis.io.DefaultVFS - Reader entry: ����&amp;#0;&amp;#0;&amp;#0;4&amp;#0;L
14:53:03.693 [main] DEBUG org.apache.ibatis.io.ResolverUtil - Checking to see if class com.pc.mybatis.domain.QueryVo matches criteria [is assignable to Object]
14:53:03.693 [main] DEBUG org.apache.ibatis.io.ResolverUtil - Checking to see if class com.pc.mybatis.domain.User matches criteria [is assignable to Object]
14:53:03.696 [main] DEBUG org.apache.ibatis.datasource.pooled.PooledDataSource - PooledDataSource forcefully closed/removed all connections.
14:53:03.697 [main] DEBUG org.apache.ibatis.datasource.pooled.PooledDataSource - PooledDataSource forcefully closed/removed all connections.
14:53:03.697 [main] DEBUG org.apache.ibatis.datasource.pooled.PooledDataSource - PooledDataSource forcefully closed/removed all connections.
14:53:03.697 [main] DEBUG org.apache.ibatis.datasource.pooled.PooledDataSource - PooledDataSource forcefully closed/removed all connections.
14:53:03.698 [main] DEBUG org.apache.ibatis.io.DefaultVFS - Find JAR URL: file:/Users/pcmike/Downloads/mockito/target/classes/com/pc/mybatis/dao
14:53:03.698 [main] DEBUG org.apache.ibatis.io.DefaultVFS - Not a JAR: file:/Users/pcmike/Downloads/mockito/target/classes/com/pc/mybatis/dao
14:53:03.699 [main] DEBUG org.apache.ibatis.io.DefaultVFS - Reader entry: IUserDao.class
14:53:03.699 [main] DEBUG org.apache.ibatis.io.DefaultVFS - Reader entry: IUserDao.xml
14:53:03.699 [main] DEBUG org.apache.ibatis.io.DefaultVFS - Listing file:/Users/pcmike/Downloads/mockito/target/classes/com/pc/mybatis/dao
14:53:03.699 [main] DEBUG org.apache.ibatis.io.DefaultVFS - Find JAR URL: file:/Users/pcmike/Downloads/mockito/target/classes/com/pc/mybatis/dao/IUserDao.class
14:53:03.699 [main] DEBUG org.apache.ibatis.io.DefaultVFS - Not a JAR: file:/Users/pcmike/Downloads/mockito/target/classes/com/pc/mybatis/dao/IUserDao.class
14:53:03.700 [main] DEBUG org.apache.ibatis.io.DefaultVFS - Reader entry: ����&amp;#0;&amp;#0;&amp;#0;4&amp;#0;&amp;#26;&amp;#7;&amp;#0;&amp;#24;&amp;#7;&amp;#0;&amp;#25;&amp;#1;&amp;#0;&amp;#7;findAll&amp;#1;&amp;#0;&amp;#18;()Ljava/util/List;&amp;#1;&amp;#0;	Signature&amp;#1;&amp;#0;0()Ljava/util/List&lt;Lcom/pc/mybatis/domain/User;&gt;;&amp;#1;&amp;#0;&amp;#8;saveUser&amp;#1;&amp;#0;&amp;#31;(Lcom/pc/mybatis/domain/User;)V&amp;#1;&amp;#0;
14:53:03.700 [main] DEBUG org.apache.ibatis.io.DefaultVFS - Find JAR URL: file:/Users/pcmike/Downloads/mockito/target/classes/com/pc/mybatis/dao/IUserDao.xml
14:53:03.700 [main] DEBUG org.apache.ibatis.io.DefaultVFS - Not a JAR: file:/Users/pcmike/Downloads/mockito/target/classes/com/pc/mybatis/dao/IUserDao.xml
14:53:03.700 [main] DEBUG org.apache.ibatis.io.DefaultVFS - Reader entry: &lt;?xml version=&quot;1.0&quot; encoding=&quot;UTF-8&quot;?&gt;
14:53:03.701 [main] DEBUG org.apache.ibatis.io.ResolverUtil - Checking to see if class com.pc.mybatis.dao.IUserDao matches criteria [is assignable to Object]
14:53:03.721 [main] DEBUG org.apache.ibatis.transaction.jdbc.JdbcTransaction - Opening JDBC Connection
14:53:03.824 [main] DEBUG org.apache.ibatis.datasource.pooled.PooledDataSource - Created connection 1997287019.
14:53:03.824 [main] DEBUG org.apache.ibatis.transaction.jdbc.JdbcTransaction - Setting autocommit to false on JDBC Connection [com.mysql.jdbc.JDBC4Connection@770c2e6b]
14:53:03.838 [main] DEBUG com.pc.mybatis.dao.IUserDao.saveUser - ==&gt;  Preparing: insert into user(username,birthday,sex,address) values(?,?,?,?) 
14:53:03.841 [main] DEBUG org.apache.ibatis.transaction.jdbc.JdbcTransaction - Committing JDBC Connection [com.mysql.jdbc.JDBC4Connection@770c2e6b]
14:53:03.854 [main] DEBUG org.apache.ibatis.transaction.jdbc.JdbcTransaction - Resetting autocommit to true on JDBC Connection [com.mysql.jdbc.JDBC4Connection@770c2e6b]
14:53:03.866 [main] DEBUG org.apache.ibatis.transaction.jdbc.JdbcTransaction - Closing JDBC Connection [com.mysql.jdbc.JDBC4Connection@770c2e6b]
14:53:03.866 [main] DEBUG org.apache.ibatis.datasource.pooled.PooledDataSource - Returned connection 1997287019 to pool.
</system-out>
  </testcase>
  <testcase classname="com.pc.mybatis.test.mybatisTest" name="testFindByName" time="0.165"/>
  <testcase classname="com.pc.mybatis.test.mybatisTest" name="test" time="0.091"/>
  <testcase classname="com.pc.mybatis.test.mybatisTest" name="testFindById" time="0.235"/>
  <testcase classname="com.pc.mybatis.test.mybatisTest" name="testQueryVo" time="0.198"/>
  <testcase classname="com.pc.mybatis.test.mybatisTest" name="testFindTotal" time="0.225"/>
  <testcase classname="com.pc.mybatis.test.mybatisTest" name="testDelete" time="0.206"/>
  <testcase classname="com.pc.mybatis.test.mybatisTest" name="testUpdate" time="0.183"/>
</testsuite>